<?xml version="1.0" encoding="UTF-8"?>
<!-- Generated by org.testng.reporters.JUnitReportReporter -->
<testsuite hostname="DESKTOP-94TGLMS" name="cpqTests.CPQQuoteCreationTest" tests="5" failures="0" timestamp="22 Oct 2020 17:15:48 GMT" time="555.965" errors="0">
  <testcase name="testAddProductToQuote" time="125.846" classname="cpqTests.CPQQuoteCreationTest"/>
  <testcase name="testAddProductDetailsToQuote" time="285.415" classname="cpqTests.CPQQuoteCreationTest"/>
  <testcase name="testSubmissionForTechnicalApproval" time="52.779" classname="cpqTests.CPQQuoteCreationTest"/>
  <testcase name="testEnterLegalAndTechnicalContactDetails" time="75.289" classname="cpqTests.CPQQuoteCreationTest"/>
  <testcase name="testSubmissionForCommercialApproval" time="16.636" classname="cpqTests.CPQQuoteCreationTest"/>
</testsuite> <!-- cpqTests.CPQQuoteCreationTest -->
