<?xml version="1.0" encoding="UTF-8"?>
<!-- Generated by org.testng.reporters.JUnitReportReporter -->
<testsuite hostname="DESKTOP-94TGLMS" name="cpqTests.CPQQuoteApprovalTest" tests="1" failures="0" timestamp="22 Oct 2020 17:18:38 GMT" time="69.343" errors="0">
  <testcase name="testQuoteSEApproval" time="69.343" classname="cpqTests.CPQQuoteApprovalTest"/>
</testsuite> <!-- cpqTests.CPQQuoteApprovalTest -->
