<?xml version="1.0" encoding="UTF-8"?>
<!-- Generated by org.testng.reporters.JUnitReportReporter -->
<testsuite hostname="DESKTOP-94TGLMS" name="cpqTests.CPQQuoteApprovalTest" tests="1" failures="0" timestamp="23 Oct 2020 16:18:24 GMT" time="92.704" errors="0">
  <testcase name="testQuoteSEApproval" time="92.704" classname="cpqTests.CPQQuoteApprovalTest"/>
</testsuite> <!-- cpqTests.CPQQuoteApprovalTest -->
