<?xml version="1.0" encoding="UTF-8"?>
<!-- Generated by org.testng.reporters.JUnitReportReporter -->
<testsuite hostname="DESKTOP-94TGLMS" name="cpqTests.CPQQuoteCreationTest" tests="5" failures="0" timestamp="23 Oct 2020 16:18:24 GMT" time="564.577" errors="0">
  <testcase name="testAddProductToQuote" time="132.059" classname="cpqTests.CPQQuoteCreationTest"/>
  <testcase name="testSubmissionForCommercialApproval" time="15.801" classname="cpqTests.CPQQuoteCreationTest"/>
  <testcase name="testEnterLegalAndTechnicalContactDetails" time="84.225" classname="cpqTests.CPQQuoteCreationTest"/>
  <testcase name="testSubmissionForTechnicalApproval" time="51.622" classname="cpqTests.CPQQuoteCreationTest"/>
  <testcase name="testAddProductDetailsToQuote" time="280.870" classname="cpqTests.CPQQuoteCreationTest"/>
</testsuite> <!-- cpqTests.CPQQuoteCreationTest -->
